
Running 12 tests using 1 worker

[1A[2K[1/12] [chromium] ‚Äļ tests/all-tabs-integration.spec.ts:6:7 ‚Äļ All Tabs Integration Test ‚Äļ All tabs load without console errors
[1A[2K[2/12] [chromium] ‚Äļ tests/calendar-real.spec.ts:4:7 ‚Äļ Calendar Real Test ‚Äļ Calendar shows today events or empty state
[1A[2K[3/12] [chromium] ‚Äļ tests/control-center.spec.ts:8:7 ‚Äļ Control Center Integration ‚Äļ page loads with expected UI
[1A[2K[4/12] [chromium] ‚Äļ tests/control-center.spec.ts:17:7 ‚Äļ Control Center Integration ‚Äļ trace panel is present
[1A[2K[5/12] [chromium] ‚Äļ tests/control-center.spec.ts:25:7 ‚Äļ Control Center Integration ‚Äļ chat sends message and receives response
[1A[2K  1) [chromium] ‚Äļ tests/control-center.spec.ts:25:7 ‚Äļ Control Center Integration ‚Äļ chat sends message and receives response 

    [31mTest timeout of 30000ms exceeded.[39m

    Error: [2mexpect([22m[31mlocator[39m[2m).[22mtoBeVisible[2m([22m[2m)[22m failed

    Locator: locator('[data-message-role="assistant"]').first()
    Expected: visible
    Error: element(s) not found

    Call log:
    [2m  - Expect "toBeVisible" with timeout 30000ms[22m
    [2m  - waiting for locator('[data-message-role="assistant"]').first()[22m


      34 |     // Assistant response should appear within 30s
      35 |     const assistantMsg = page.locator('[data-message-role="assistant"]').first();
    > 36 |     await expect(assistantMsg).toBeVisible({ timeout: 30000 });
         |                                ^
      37 |   });
      38 |
      39 |   test('trace panel can be toggled', async ({ page }) => {
        at /home/ubuntu/.openclaw/workspace/dashboard/tests/control-center.spec.ts:36:32

    Error Context: test-results/control-center-Control-Cen-66dbb-ssage-and-receives-response-chromium/error-context.md


[1A[2K[6/12] [chromium] ‚Äļ tests/control-center.spec.ts:39:7 ‚Äļ Control Center Integration ‚Äļ trace panel can be toggled
[1A[2K[7/12] [chromium] ‚Äļ tests/controlcenter-chat.spec.ts:4:7 ‚Äļ Control Center Chat Test ‚Äļ Sending "hello" receives assistant response within 30s
[1A[2K  2) [chromium] ‚Äļ tests/controlcenter-chat.spec.ts:4:7 ‚Äļ Control Center Chat Test ‚Äļ Sending "hello" receives assistant response within 30s 

    [31mTest timeout of 30000ms exceeded.[39m

    Error: page.waitForTimeout: Test timeout of 30000ms exceeded.

      27 |         break;
      28 |       }
    > 29 |       await page.waitForTimeout(1000);
         |                  ^
      30 |     }
      31 |
      32 |     expect(found).toBe(true);
        at /home/ubuntu/.openclaw/workspace/dashboard/tests/controlcenter-chat.spec.ts:29:18

    Error Context: test-results/controlcenter-chat-Control-e5a48-sistant-response-within-30s-chromium/error-context.md


[1A[2K[8/12] [chromium] ‚Äļ tests/design-forensics.spec.ts:4:7 ‚Äļ Vercel Design Forensics ‚Äļ capture Vercel design tokens and layouts
[1A[2K[chromium] ‚Äļ tests/design-forensics.spec.ts:4:7 ‚Äļ Vercel Design Forensics ‚Äļ capture Vercel design tokens and layouts
Nav bounding box: {"x":236,"y":0,"width":1448,"height":64}

[1A[2KNav styles: {
  "background": "rgba(0, 0, 0, 0)",
  "height": "64px",
  "display": "flex",
  "alignItems": "center",
  "justifyContent": "space-between",
  "padding": "0px 24px",
  "borderBottom": "0px none rgb(23, 23, 23)"
}

[1A[2KButton styles: {
  "background": "rgb(23, 23, 23)",
  "color": "rgb(255, 255, 255)",
  "padding": "0px 6px",
  "borderRadius": "6px",
  "fontSize": "14px",
  "fontWeight": "500",
  "fontFamily": "Geist, Arial, \"Apple Color Emoji\", \"Segoe UI Emoji\", \"Segoe UI Symbol\""
}

[1A[2KBody fontFamily: Geist, Arial, "Apple Color Emoji", "Segoe UI Emoji", "Segoe UI Symbol"

[1A[2KHas design font? [33mtrue[39m

[1A[2K[9/12] [chromium] ‚Äļ tests/learnings-loads.spec.ts:4:7 ‚Äļ Learnings Loads Test ‚Äļ Learnings timeline shows entries with dates
[1A[2K[10/12] [chromium] ‚Äļ tests/overview-realdata.spec.ts:4:7 ‚Äļ Overview Real Data Test ‚Äļ Overview page loads with real stats (not placeholder)
[1A[2K[11/12] [chromium] ‚Äļ tests/realtime-sync.spec.ts:6:7 ‚Äļ Realtime Sync Test ‚Äļ Adding a learning updates dashboard within 15s
[1A[2K[12/12] [chromium] ‚Äļ tests/verify.spec.ts:13:7 ‚Äļ Dashboard Visual Verification ‚Äļ capture all tabs with full page screenshots
[1A[2K[chromium] ‚Äļ tests/verify.spec.ts:13:7 ‚Äļ Dashboard Visual Verification ‚Äļ capture all tabs with full page screenshots
ūüďł Saved /home/ubuntu/.openclaw/workspace/dashboard/playwright-screenshots/overview-full.png

[1A[2Kūüďł Saved /home/ubuntu/.openclaw/workspace/dashboard/playwright-screenshots/kanban-full.png

[1A[2Kūüďł Saved /home/ubuntu/.openclaw/workspace/dashboard/playwright-screenshots/learnings-full.png

[1A[2Kūüďł Saved /home/ubuntu/.openclaw/workspace/dashboard/playwright-screenshots/trinity-full.png

[1A[2Kūüďł Saved /home/ubuntu/.openclaw/workspace/dashboard/playwright-screenshots/calendar-full.png

[1A[2K  2 failed
    [chromium] ‚Äļ tests/control-center.spec.ts:25:7 ‚Äļ Control Center Integration ‚Äļ chat sends message and receives response 
    [chromium] ‚Äļ tests/controlcenter-chat.spec.ts:4:7 ‚Äļ Control Center Chat Test ‚Äļ Sending "hello" receives assistant response within 30s 
  10 passed (2.8m)
